TN:
SF:script/DeployBladeFi.s.sol
FN:14,DeployBladeFi.run
FNDA:0,DeployBladeFi.run
DA:15,0
DA:17,0
DA:23,0
DA:25,0
DA:27,0
DA:28,0
DA:29,0
DA:37,0
DA:38,0
FNF:1
FNH:0
LF:9
LH:0
BRF:0
BRH:0
end_of_record
TN:
SF:script/HelperConfig.s.sol
FN:35,HelperConfig.getSepoliaEthConfig
FNDA:0,HelperConfig.getSepoliaEthConfig
DA:40,0
FN:49,HelperConfig.getOrCreateAnvilEthConfig
FNDA:0,HelperConfig.getOrCreateAnvilEthConfig
DA:54,0
BRDA:54,0,0,-
BRDA:54,0,1,-
DA:55,0
DA:58,0
DA:60,0
DA:64,0
DA:65,0
DA:70,0
DA:71,0
DA:73,0
FNF:2
FNH:0
LF:10
LH:0
BRF:2
BRH:0
end_of_record
TN:
SF:src/BladeFi.sol
FN:111,BladeFi._deposit
FNDA:4,BladeFi._deposit
DA:113,4
BRDA:113,0,0,1
BRDA:113,0,1,3
DA:116,3
DA:117,3
DA:118,3
DA:119,3
DA:121,3
FN:127,BladeFi._withdraw
FNDA:0,BladeFi._withdraw
DA:135,0
BRDA:135,1,0,-
BRDA:135,1,1,-
DA:137,0
BRDA:137,2,0,-
BRDA:137,2,1,-
DA:139,0
BRDA:139,3,0,-
BRDA:139,3,1,-
DA:140,0
DA:141,0
FN:144,BladeFi.depositCollateral
FNDA:7,BladeFi.depositCollateral
DA:146,7
BRDA:146,4,0,1
BRDA:146,4,1,6
DA:148,6
DA:150,6
DA:155,6
BRDA:155,5,0,-
BRDA:155,5,1,6
DA:156,0
DA:158,6
FN:162,BladeFi.openLong
FNDA:3,BladeFi.openLong
DA:165,2
DA:166,2
DA:169,2
DA:170,2
FN:173,BladeFi.openShort
FNDA:2,BladeFi.openShort
DA:176,2
DA:177,2
DA:180,2
DA:181,2
FN:184,BladeFi.updateLongOpenInterest
FNDA:2,BladeFi.updateLongOpenInterest
DA:185,2
DA:186,2
FN:189,BladeFi.updateShortOpenInterest
FNDA:2,BladeFi.updateShortOpenInterest
DA:190,2
DA:191,2
FN:212,BladeFi.totalAssets
FNDA:0,BladeFi.totalAssets
DA:213,3
DA:214,3
FN:217,BladeFi.totalDeposits
FNDA:0,BladeFi.totalDeposits
DA:218,3
FN:221,BladeFi.totalPnLOfTraders
FNDA:0,BladeFi.totalPnLOfTraders
DA:222,3
DA:223,3
DA:224,3
FN:227,BladeFi.getAccountCollateralValue
FNDA:0,BladeFi.getAccountCollateralValue
DA:230,9
DA:231,9
DA:233,9
FN:236,BladeFi.getUsdValue
FNDA:0,BladeFi.getUsdValue
DA:240,25
DA:243,25
DA:244,25
DA:245,25
FNF:12
FNH:6
LF:42
LH:36
BRF:12
BRH:5
end_of_record
TN:
SF:src/USDC.sol
FN:11,USDC.mint
FNDA:0,USDC.mint
DA:12,0
FN:15,USDC.decimals
FNDA:0,USDC.decimals
DA:16,0
FN:19,USDC.addressThis
FNDA:0,USDC.addressThis
DA:20,0
FNF:3
FNH:0
LF:3
LH:0
BRF:0
BRH:0
end_of_record
TN:
SF:test/mocks/ERC20Mock.sol
FN:18,ERC20Mock.mint
FNDA:2,ERC20Mock.mint
DA:19,2
FN:22,ERC20Mock.burn
FNDA:0,ERC20Mock.burn
DA:23,0
FN:26,ERC20Mock.transferInternal
FNDA:0,ERC20Mock.transferInternal
DA:27,0
FN:30,ERC20Mock.approveInternal
FNDA:0,ERC20Mock.approveInternal
DA:35,0
FNF:4
FNH:1
LF:4
LH:1
BRF:0
BRH:0
end_of_record
TN:
SF:test/mocks/MockV3Aggregator.sol
FN:29,MockV3Aggregator.updateAnswer
FNDA:0,MockV3Aggregator.updateAnswer
DA:30,0
DA:31,0
DA:32,0
DA:33,0
DA:34,0
DA:35,0
FN:38,MockV3Aggregator.updateRoundData
FNDA:0,MockV3Aggregator.updateRoundData
DA:44,0
DA:45,0
DA:46,0
DA:47,0
DA:48,0
DA:49,0
FN:52,MockV3Aggregator.getRoundData
FNDA:0,MockV3Aggregator.getRoundData
DA:65,0
FN:74,MockV3Aggregator.latestRoundData
FNDA:25,MockV3Aggregator.latestRoundData
DA:85,25
FN:94,MockV3Aggregator.description
FNDA:0,MockV3Aggregator.description
DA:95,0
FNF:5
FNH:1
LF:15
LH:1
BRF:0
BRH:0
end_of_record
